[2022-06-17T07:35:48.881+0000][gc,heap] Heap region size: 1M
[2022-06-17T07:35:48.888+0000][gc     ] Using G1
[2022-06-17T07:35:48.889+0000][gc,heap,coops] Heap address: 0x00000000c0000000, size: 1024 MB, Compressed Oops mode: 32-bit
[2022-06-17T07:35:49.839+0000][gc,start     ] GC(0) Pause Young (Concurrent Start) (Metadata GC Threshold)
[2022-06-17T07:35:49.839+0000][gc,task      ] GC(0) Using 6 workers of 6 for evacuation
[2022-06-17T07:35:49.845+0000][gc,phases    ] GC(0)   Pre Evacuate Collection Set: 0.0ms
[2022-06-17T07:35:49.845+0000][gc,phases    ] GC(0)   Evacuate Collection Set: 4.9ms
[2022-06-17T07:35:49.845+0000][gc,phases    ] GC(0)   Post Evacuate Collection Set: 0.6ms
[2022-06-17T07:35:49.845+0000][gc,phases    ] GC(0)   Other: 0.9ms
[2022-06-17T07:35:49.845+0000][gc,heap      ] GC(0) Eden regions: 38->0(44)
[2022-06-17T07:35:49.845+0000][gc,heap      ] GC(0) Survivor regions: 0->7(7)
[2022-06-17T07:35:49.845+0000][gc,heap      ] GC(0) Old regions: 0->0
[2022-06-17T07:35:49.845+0000][gc,heap      ] GC(0) Humongous regions: 0->0
[2022-06-17T07:35:49.845+0000][gc,metaspace ] GC(0) Metaspace: 20799K->20799K(1069056K)
[2022-06-17T07:35:49.845+0000][gc           ] GC(0) Pause Young (Concurrent Start) (Metadata GC Threshold) 38M->6M(1024M) 6.474ms
[2022-06-17T07:35:49.845+0000][gc,cpu       ] GC(0) User=0.02s Sys=0.00s Real=0.00s
[2022-06-17T07:35:49.845+0000][gc           ] GC(1) Concurrent Cycle
[2022-06-17T07:35:49.845+0000][gc,marking   ] GC(1) Concurrent Clear Claimed Marks
[2022-06-17T07:35:49.845+0000][gc,marking   ] GC(1) Concurrent Clear Claimed Marks 0.015ms
[2022-06-17T07:35:49.845+0000][gc,marking   ] GC(1) Concurrent Scan Root Regions
[2022-06-17T07:35:49.847+0000][gc,marking   ] GC(1) Concurrent Scan Root Regions 1.658ms
[2022-06-17T07:35:49.847+0000][gc,marking   ] GC(1) Concurrent Mark (0.969s)
[2022-06-17T07:35:49.847+0000][gc,marking   ] GC(1) Concurrent Mark From Roots
[2022-06-17T07:35:49.847+0000][gc,task      ] GC(1) Using 2 workers of 2 for marking
[2022-06-17T07:35:49.847+0000][gc,marking   ] GC(1) Concurrent Mark From Roots 0.412ms
[2022-06-17T07:35:49.847+0000][gc,marking   ] GC(1) Concurrent Preclean
[2022-06-17T07:35:49.847+0000][gc,marking   ] GC(1) Concurrent Preclean 0.033ms
[2022-06-17T07:35:49.847+0000][gc,marking   ] GC(1) Concurrent Mark (0.969s, 0.969s) 0.486ms
[2022-06-17T07:35:49.848+0000][gc,start     ] GC(1) Pause Remark
[2022-06-17T07:35:49.849+0000][gc,stringtable] GC(1) Cleaned string and symbol table, strings: 7280 processed, 0 removed, symbols: 63236 processed, 40 removed
[2022-06-17T07:35:49.850+0000][gc            ] GC(1) Pause Remark 6M->6M(1024M) 2.046ms
[2022-06-17T07:35:49.850+0000][gc,cpu        ] GC(1) User=0.01s Sys=0.00s Real=0.00s
[2022-06-17T07:35:49.850+0000][gc,marking    ] GC(1) Concurrent Rebuild Remembered Sets
[2022-06-17T07:35:49.850+0000][gc,marking    ] GC(1) Concurrent Rebuild Remembered Sets 0.111ms
[2022-06-17T07:35:49.850+0000][gc,start      ] GC(1) Pause Cleanup
[2022-06-17T07:35:49.851+0000][gc            ] GC(1) Pause Cleanup 6M->6M(1024M) 0.272ms
[2022-06-17T07:35:49.851+0000][gc,cpu        ] GC(1) User=0.00s Sys=0.00s Real=0.00s
[2022-06-17T07:35:49.851+0000][gc,marking    ] GC(1) Concurrent Cleanup for Next Mark
[2022-06-17T07:35:49.855+0000][gc,marking    ] GC(1) Concurrent Cleanup for Next Mark 4.028ms
[2022-06-17T07:35:49.855+0000][gc            ] GC(1) Concurrent Cycle 9.573ms
[2022-06-17T07:35:50.500+0000][gc,start      ] GC(2) Pause Young (Normal) (G1 Evacuation Pause)
[2022-06-17T07:35:50.500+0000][gc,task       ] GC(2) Using 6 workers of 6 for evacuation
[2022-06-17T07:35:50.506+0000][gc,phases     ] GC(2)   Pre Evacuate Collection Set: 0.0ms
[2022-06-17T07:35:50.506+0000][gc,phases     ] GC(2)   Evacuate Collection Set: 5.4ms
[2022-06-17T07:35:50.506+0000][gc,phases     ] GC(2)   Post Evacuate Collection Set: 0.5ms
[2022-06-17T07:35:50.506+0000][gc,phases     ] GC(2)   Other: 0.1ms
[2022-06-17T07:35:50.506+0000][gc,heap       ] GC(2) Eden regions: 44->0(48)
[2022-06-17T07:35:50.506+0000][gc,heap       ] GC(2) Survivor regions: 7->3(7)
[2022-06-17T07:35:50.506+0000][gc,heap       ] GC(2) Old regions: 0->7
[2022-06-17T07:35:50.506+0000][gc,heap       ] GC(2) Humongous regions: 129->129
[2022-06-17T07:35:50.506+0000][gc,metaspace  ] GC(2) Metaspace: 31099K->31099K(1077248K)
[2022-06-17T07:35:50.506+0000][gc            ] GC(2) Pause Young (Normal) (G1 Evacuation Pause) 179M->137M(1024M) 6.104ms
[2022-06-17T07:35:50.506+0000][gc,cpu        ] GC(2) User=0.03s Sys=0.00s Real=0.01s
[2022-06-17T07:35:50.893+0000][gc,start      ] GC(3) Pause Young (Concurrent Start) (Metadata GC Threshold)
[2022-06-17T07:35:50.893+0000][gc,task       ] GC(3) Using 6 workers of 6 for evacuation
[2022-06-17T07:35:50.896+0000][gc,phases     ] GC(3)   Pre Evacuate Collection Set: 0.1ms
[2022-06-17T07:35:50.896+0000][gc,phases     ] GC(3)   Evacuate Collection Set: 2.3ms
[2022-06-17T07:35:50.896+0000][gc,phases     ] GC(3)   Post Evacuate Collection Set: 0.4ms
[2022-06-17T07:35:50.896+0000][gc,phases     ] GC(3)   Other: 0.2ms
[2022-06-17T07:35:50.896+0000][gc,heap       ] GC(3) Eden regions: 23->0(46)
[2022-06-17T07:35:50.896+0000][gc,heap       ] GC(3) Survivor regions: 3->5(7)
[2022-06-17T07:35:50.896+0000][gc,heap       ] GC(3) Old regions: 7->7
[2022-06-17T07:35:50.896+0000][gc,heap       ] GC(3) Humongous regions: 129->129
[2022-06-17T07:35:50.896+0000][gc,metaspace  ] GC(3) Metaspace: 34967K->34967K(1081344K)
[2022-06-17T07:35:50.896+0000][gc            ] GC(3) Pause Young (Concurrent Start) (Metadata GC Threshold) 160M->139M(1024M) 3.205ms
[2022-06-17T07:35:50.896+0000][gc,cpu        ] GC(3) User=0.01s Sys=0.00s Real=0.01s
[2022-06-17T07:35:50.896+0000][gc            ] GC(4) Concurrent Cycle
[2022-06-17T07:35:50.896+0000][gc,marking    ] GC(4) Concurrent Clear Claimed Marks
[2022-06-17T07:35:50.896+0000][gc,marking    ] GC(4) Concurrent Clear Claimed Marks 0.027ms
[2022-06-17T07:35:50.896+0000][gc,marking    ] GC(4) Concurrent Scan Root Regions
[2022-06-17T07:35:50.898+0000][gc,marking    ] GC(4) Concurrent Scan Root Regions 1.767ms
[2022-06-17T07:35:50.898+0000][gc,marking    ] GC(4) Concurrent Mark (2.020s)
[2022-06-17T07:35:50.898+0000][gc,marking    ] GC(4) Concurrent Mark From Roots
[2022-06-17T07:35:50.898+0000][gc,task       ] GC(4) Using 2 workers of 2 for marking
[2022-06-17T07:35:50.904+0000][gc,marking    ] GC(4) Concurrent Mark From Roots 5.672ms
[2022-06-17T07:35:50.904+0000][gc,marking    ] GC(4) Concurrent Preclean
[2022-06-17T07:35:50.904+0000][gc,marking    ] GC(4) Concurrent Preclean 0.079ms
[2022-06-17T07:35:50.904+0000][gc,marking    ] GC(4) Concurrent Mark (2.020s, 2.025s) 5.805ms
[2022-06-17T07:35:50.904+0000][gc,start      ] GC(4) Pause Remark
[2022-06-17T07:35:50.906+0000][gc,stringtable] GC(4) Cleaned string and symbol table, strings: 13402 processed, 7 removed, symbols: 98720 processed, 28 removed
[2022-06-17T07:35:50.906+0000][gc            ] GC(4) Pause Remark 140M->140M(1024M) 2.435ms
[2022-06-17T07:35:50.906+0000][gc,cpu        ] GC(4) User=0.02s Sys=0.00s Real=0.01s
[2022-06-17T07:35:50.906+0000][gc,marking    ] GC(4) Concurrent Rebuild Remembered Sets
[2022-06-17T07:35:50.909+0000][gc,marking    ] GC(4) Concurrent Rebuild Remembered Sets 2.167ms
[2022-06-17T07:35:50.909+0000][gc,start      ] GC(4) Pause Cleanup
[2022-06-17T07:35:50.909+0000][gc            ] GC(4) Pause Cleanup 140M->140M(1024M) 0.246ms
[2022-06-17T07:35:50.909+0000][gc,cpu        ] GC(4) User=0.01s Sys=0.00s Real=0.00s
[2022-06-17T07:35:50.909+0000][gc,marking    ] GC(4) Concurrent Cleanup for Next Mark
[2022-06-17T07:35:50.912+0000][gc,marking    ] GC(4) Concurrent Cleanup for Next Mark 3.225ms
[2022-06-17T07:35:50.912+0000][gc            ] GC(4) Concurrent Cycle 16.346ms
[2022-06-17T07:37:02.257+0000][gc,start      ] GC(5) Pause Young (Normal) (G1 Evacuation Pause)
[2022-06-17T07:37:02.257+0000][gc,task       ] GC(5) Using 6 workers of 6 for evacuation
[2022-06-17T07:37:02.261+0000][gc,phases     ] GC(5)   Pre Evacuate Collection Set: 0.0ms
[2022-06-17T07:37:02.261+0000][gc,phases     ] GC(5)   Evacuate Collection Set: 3.7ms
[2022-06-17T07:37:02.261+0000][gc,phases     ] GC(5)   Post Evacuate Collection Set: 0.5ms
[2022-06-17T07:37:02.261+0000][gc,phases     ] GC(5)   Other: 0.2ms
[2022-06-17T07:37:02.261+0000][gc,heap       ] GC(5) Eden regions: 46->0(46)
[2022-06-17T07:37:02.261+0000][gc,heap       ] GC(5) Survivor regions: 5->5(7)
[2022-06-17T07:37:02.261+0000][gc,heap       ] GC(5) Old regions: 7->9
[2022-06-17T07:37:02.261+0000][gc,heap       ] GC(5) Humongous regions: 129->129
[2022-06-17T07:37:02.261+0000][gc,metaspace  ] GC(5) Metaspace: 43517K->43517K(1089536K)
[2022-06-17T07:37:02.261+0000][gc            ] GC(5) Pause Young (Normal) (G1 Evacuation Pause) 185M->142M(1024M) 4.454ms
[2022-06-17T07:37:02.261+0000][gc,cpu        ] GC(5) User=0.02s Sys=0.00s Real=0.00s
[2022-06-17T07:43:39.348+0000][gc,start      ] GC(6) Pause Young (Normal) (G1 Evacuation Pause)
[2022-06-17T07:43:39.348+0000][gc,task       ] GC(6) Using 6 workers of 6 for evacuation
[2022-06-17T07:43:39.353+0000][gc,phases     ] GC(6)   Pre Evacuate Collection Set: 0.0ms
[2022-06-17T07:43:39.353+0000][gc,phases     ] GC(6)   Evacuate Collection Set: 4.0ms
[2022-06-17T07:43:39.353+0000][gc,phases     ] GC(6)   Post Evacuate Collection Set: 0.5ms
[2022-06-17T07:43:39.353+0000][gc,phases     ] GC(6)   Other: 0.2ms
[2022-06-17T07:43:39.353+0000][gc,heap       ] GC(6) Eden regions: 46->0(45)
[2022-06-17T07:43:39.353+0000][gc,heap       ] GC(6) Survivor regions: 5->6(7)
[2022-06-17T07:43:39.353+0000][gc,heap       ] GC(6) Old regions: 9->11
[2022-06-17T07:43:39.353+0000][gc,heap       ] GC(6) Humongous regions: 129->129
[2022-06-17T07:43:39.353+0000][gc,metaspace  ] GC(6) Metaspace: 46869K->46869K(1091584K)
[2022-06-17T07:43:39.353+0000][gc            ] GC(6) Pause Young (Normal) (G1 Evacuation Pause) 188M->145M(1024M) 4.744ms
[2022-06-17T07:43:39.353+0000][gc,cpu        ] GC(6) User=0.01s Sys=0.01s Real=0.00s
[2022-06-17T07:54:13.247+0000][gc,start      ] GC(7) Pause Young (Normal) (G1 Evacuation Pause)
[2022-06-17T07:54:13.248+0000][gc,task       ] GC(7) Using 6 workers of 6 for evacuation
[2022-06-17T07:54:13.252+0000][gc,phases     ] GC(7)   Pre Evacuate Collection Set: 0.5ms
[2022-06-17T07:54:13.252+0000][gc,phases     ] GC(7)   Evacuate Collection Set: 2.9ms
[2022-06-17T07:54:13.252+0000][gc,phases     ] GC(7)   Post Evacuate Collection Set: 0.7ms
[2022-06-17T07:54:13.252+0000][gc,phases     ] GC(7)   Other: 0.8ms
[2022-06-17T07:54:13.252+0000][gc,heap       ] GC(7) Eden regions: 45->0(47)
[2022-06-17T07:54:13.252+0000][gc,heap       ] GC(7) Survivor regions: 6->4(7)
[2022-06-17T07:54:13.252+0000][gc,heap       ] GC(7) Old regions: 11->14
[2022-06-17T07:54:13.252+0000][gc,heap       ] GC(7) Humongous regions: 129->129
[2022-06-17T07:54:13.252+0000][gc,metaspace  ] GC(7) Metaspace: 47130K->47130K(1091584K)
[2022-06-17T07:54:13.252+0000][gc            ] GC(7) Pause Young (Normal) (G1 Evacuation Pause) 190M->145M(1024M) 4.946ms
[2022-06-17T07:54:13.252+0000][gc,cpu        ] GC(7) User=0.02s Sys=0.00s Real=0.00s
[2022-06-17T08:06:01.749+0000][gc,start      ] GC(8) Pause Young (Normal) (G1 Evacuation Pause)
[2022-06-17T08:06:01.749+0000][gc,task       ] GC(8) Using 6 workers of 6 for evacuation
[2022-06-17T08:06:01.753+0000][gc,phases     ] GC(8)   Pre Evacuate Collection Set: 0.1ms
[2022-06-17T08:06:01.753+0000][gc,phases     ] GC(8)   Evacuate Collection Set: 2.5ms
[2022-06-17T08:06:01.753+0000][gc,phases     ] GC(8)   Post Evacuate Collection Set: 0.5ms
[2022-06-17T08:06:01.753+0000][gc,phases     ] GC(8)   Other: 0.2ms
[2022-06-17T08:06:01.753+0000][gc,heap       ] GC(8) Eden regions: 47->0(47)
[2022-06-17T08:06:01.753+0000][gc,heap       ] GC(8) Survivor regions: 4->4(7)
[2022-06-17T08:06:01.753+0000][gc,heap       ] GC(8) Old regions: 14->14
[2022-06-17T08:06:01.753+0000][gc,heap       ] GC(8) Humongous regions: 129->129
[2022-06-17T08:06:01.753+0000][gc,metaspace  ] GC(8) Metaspace: 47212K->47212K(1091584K)
[2022-06-17T08:06:01.753+0000][gc            ] GC(8) Pause Young (Normal) (G1 Evacuation Pause) 192M->145M(1024M) 3.335ms
[2022-06-17T08:06:01.753+0000][gc,cpu        ] GC(8) User=0.02s Sys=0.01s Real=0.00s
