[2022-06-23 02:05:51,900] INFO [GroupMetadataManager brokerId=0] Removed 0 expired offsets in 0 milliseconds. (kafka.coordinator.group.GroupMetadataManager)
[2022-06-23 02:11:49,997] INFO [GroupCoordinator 0]: Member[group.instance.id None, member.id consumer-Customerinfo-2-e0e871b5-59d2-436c-81e6-6248db1dbc53] in group Customerinfo has left, removing it from the group (kafka.coordinator.group.GroupCoordinator)
[2022-06-23 02:11:49,997] INFO [GroupCoordinator 0]: Preparing to rebalance group Customerinfo in state PreparingRebalance with old generation 5 (__consumer_offsets-2) (reason: removing member consumer-Customerinfo-2-e0e871b5-59d2-436c-81e6-6248db1dbc53 on LeaveGroup) (kafka.coordinator.group.GroupCoordinator)
[2022-06-23 02:11:49,998] INFO [GroupCoordinator 0]: Group Customerinfo with generation 6 is now empty (__consumer_offsets-2) (kafka.coordinator.group.GroupCoordinator)
[2022-06-23 02:11:57,706] INFO [GroupCoordinator 0]: Member[group.instance.id None, member.id consumer-CustomerTeam-2-9d6664bd-4f90-4f23-8213-467770616100] in group CustomerTeam has left, removing it from the group (kafka.coordinator.group.GroupCoordinator)
[2022-06-23 02:11:57,707] INFO [GroupCoordinator 0]: Preparing to rebalance group CustomerTeam in state PreparingRebalance with old generation 7 (__consumer_offsets-35) (reason: removing member consumer-CustomerTeam-2-9d6664bd-4f90-4f23-8213-467770616100 on LeaveGroup) (kafka.coordinator.group.GroupCoordinator)
[2022-06-23 02:11:57,707] INFO [GroupCoordinator 0]: Group CustomerTeam with generation 8 is now empty (__consumer_offsets-35) (kafka.coordinator.group.GroupCoordinator)
[2022-06-23 02:11:57,753] INFO [GroupCoordinator 0]: Preparing to rebalance group Customerinfo in state PreparingRebalance with old generation 6 (__consumer_offsets-2) (reason: Adding new member consumer-Customerinfo-2-ad2c0656-7148-4989-858d-803925cc5171 with group instance id None) (kafka.coordinator.group.GroupCoordinator)
[2022-06-23 02:11:57,754] INFO [GroupCoordinator 0]: Stabilized group Customerinfo generation 7 (__consumer_offsets-2) (kafka.coordinator.group.GroupCoordinator)
[2022-06-23 02:11:57,758] INFO [GroupCoordinator 0]: Assignment received from leader for group Customerinfo for generation 7 (kafka.coordinator.group.GroupCoordinator)
[2022-06-23 02:12:02,723] INFO [GroupCoordinator 0]: Member[group.instance.id None, member.id consumer-BankingTeam-2-5aefde1c-3539-442e-b19f-decec5cbab3d] in group BankingTeam has left, removing it from the group (kafka.coordinator.group.GroupCoordinator)
[2022-06-23 02:12:02,724] INFO [GroupCoordinator 0]: Preparing to rebalance group BankingTeam in state PreparingRebalance with old generation 1 (__consumer_offsets-13) (reason: removing member consumer-BankingTeam-2-5aefde1c-3539-442e-b19f-decec5cbab3d on LeaveGroup) (kafka.coordinator.group.GroupCoordinator)
[2022-06-23 02:12:02,724] INFO [GroupCoordinator 0]: Group BankingTeam with generation 2 is now empty (__consumer_offsets-13) (kafka.coordinator.group.GroupCoordinator)
[2022-06-23 02:12:06,015] INFO [GroupCoordinator 0]: Preparing to rebalance group CustomerTeam in state PreparingRebalance with old generation 8 (__consumer_offsets-35) (reason: Adding new member consumer-CustomerTeam-2-de5dfdd5-258c-41c4-aed2-7e616f34710d with group instance id None) (kafka.coordinator.group.GroupCoordinator)
[2022-06-23 02:12:06,016] INFO [GroupCoordinator 0]: Stabilized group CustomerTeam generation 9 (__consumer_offsets-35) (kafka.coordinator.group.GroupCoordinator)
[2022-06-23 02:12:06,020] INFO [GroupCoordinator 0]: Assignment received from leader for group CustomerTeam for generation 9 (kafka.coordinator.group.GroupCoordinator)
[2022-06-23 02:12:10,793] INFO [GroupCoordinator 0]: Preparing to rebalance group BankingTeam in state PreparingRebalance with old generation 2 (__consumer_offsets-13) (reason: Adding new member consumer-BankingTeam-2-51504f90-2e53-439d-9c81-d7ac2313fcd3 with group instance id None) (kafka.coordinator.group.GroupCoordinator)
[2022-06-23 02:12:10,793] INFO [GroupCoordinator 0]: Stabilized group BankingTeam generation 3 (__consumer_offsets-13) (kafka.coordinator.group.GroupCoordinator)
[2022-06-23 02:12:10,797] INFO [GroupCoordinator 0]: Assignment received from leader for group BankingTeam for generation 3 (kafka.coordinator.group.GroupCoordinator)
[2022-06-23 02:14:26,657] INFO [GroupCoordinator 0]: Member[group.instance.id None, member.id consumer-Customerinfo-2-ad2c0656-7148-4989-858d-803925cc5171] in group Customerinfo has left, removing it from the group (kafka.coordinator.group.GroupCoordinator)
[2022-06-23 02:14:26,657] INFO [GroupCoordinator 0]: Preparing to rebalance group Customerinfo in state PreparingRebalance with old generation 7 (__consumer_offsets-2) (reason: removing member consumer-Customerinfo-2-ad2c0656-7148-4989-858d-803925cc5171 on LeaveGroup) (kafka.coordinator.group.GroupCoordinator)
[2022-06-23 02:14:26,657] INFO [GroupCoordinator 0]: Group Customerinfo with generation 8 is now empty (__consumer_offsets-2) (kafka.coordinator.group.GroupCoordinator)
[2022-06-23 02:14:30,166] INFO [GroupCoordinator 0]: Member[group.instance.id None, member.id consumer-BankingTeam-2-51504f90-2e53-439d-9c81-d7ac2313fcd3] in group BankingTeam has left, removing it from the group (kafka.coordinator.group.GroupCoordinator)
[2022-06-23 02:14:30,167] INFO [GroupCoordinator 0]: Preparing to rebalance group BankingTeam in state PreparingRebalance with old generation 3 (__consumer_offsets-13) (reason: removing member consumer-BankingTeam-2-51504f90-2e53-439d-9c81-d7ac2313fcd3 on LeaveGroup) (kafka.coordinator.group.GroupCoordinator)
[2022-06-23 02:14:30,167] INFO [GroupCoordinator 0]: Group BankingTeam with generation 4 is now empty (__consumer_offsets-13) (kafka.coordinator.group.GroupCoordinator)
[2022-06-23 02:14:35,706] INFO [GroupCoordinator 0]: Preparing to rebalance group Customerinfo in state PreparingRebalance with old generation 8 (__consumer_offsets-2) (reason: Adding new member consumer-Customerinfo-2-9161e84d-cc33-472a-940b-a944fd7166b5 with group instance id None) (kafka.coordinator.group.GroupCoordinator)
[2022-06-23 02:14:35,706] INFO [GroupCoordinator 0]: Stabilized group Customerinfo generation 9 (__consumer_offsets-2) (kafka.coordinator.group.GroupCoordinator)
[2022-06-23 02:14:35,710] INFO [GroupCoordinator 0]: Assignment received from leader for group Customerinfo for generation 9 (kafka.coordinator.group.GroupCoordinator)
[2022-06-23 02:14:37,011] INFO [GroupCoordinator 0]: Member[group.instance.id None, member.id consumer-CustomerTeam-2-de5dfdd5-258c-41c4-aed2-7e616f34710d] in group CustomerTeam has left, removing it from the group (kafka.coordinator.group.GroupCoordinator)
[2022-06-23 02:14:37,011] INFO [GroupCoordinator 0]: Preparing to rebalance group CustomerTeam in state PreparingRebalance with old generation 9 (__consumer_offsets-35) (reason: removing member consumer-CustomerTeam-2-de5dfdd5-258c-41c4-aed2-7e616f34710d on LeaveGroup) (kafka.coordinator.group.GroupCoordinator)
[2022-06-23 02:14:37,011] INFO [GroupCoordinator 0]: Group CustomerTeam with generation 10 is now empty (__consumer_offsets-35) (kafka.coordinator.group.GroupCoordinator)
[2022-06-23 02:14:38,407] INFO [GroupCoordinator 0]: Preparing to rebalance group BankingTeam in state PreparingRebalance with old generation 4 (__consumer_offsets-13) (reason: Adding new member consumer-BankingTeam-2-8dce37cd-aaf9-416b-831a-1cfb64ec9c12 with group instance id None) (kafka.coordinator.group.GroupCoordinator)
[2022-06-23 02:14:38,408] INFO [GroupCoordinator 0]: Stabilized group BankingTeam generation 5 (__consumer_offsets-13) (kafka.coordinator.group.GroupCoordinator)
[2022-06-23 02:14:38,411] INFO [GroupCoordinator 0]: Assignment received from leader for group BankingTeam for generation 5 (kafka.coordinator.group.GroupCoordinator)
[2022-06-23 02:14:44,863] INFO [GroupCoordinator 0]: Preparing to rebalance group CustomerTeam in state PreparingRebalance with old generation 10 (__consumer_offsets-35) (reason: Adding new member consumer-CustomerTeam-2-dcf0f4f9-2822-4745-8872-06744f13b467 with group instance id None) (kafka.coordinator.group.GroupCoordinator)
[2022-06-23 02:14:44,864] INFO [GroupCoordinator 0]: Stabilized group CustomerTeam generation 11 (__consumer_offsets-35) (kafka.coordinator.group.GroupCoordinator)
[2022-06-23 02:14:44,867] INFO [GroupCoordinator 0]: Assignment received from leader for group CustomerTeam for generation 11 (kafka.coordinator.group.GroupCoordinator)
[2022-06-23 02:15:51,901] INFO [GroupMetadataManager brokerId=0] Removed 0 expired offsets in 0 milliseconds. (kafka.coordinator.group.GroupMetadataManager)
[2022-06-23 02:25:51,900] INFO [GroupMetadataManager brokerId=0] Removed 0 expired offsets in 0 milliseconds. (kafka.coordinator.group.GroupMetadataManager)
[2022-06-23 02:35:51,901] INFO [GroupMetadataManager brokerId=0] Removed 0 expired offsets in 1 milliseconds. (kafka.coordinator.group.GroupMetadataManager)
